  AI.cpp
C:\Users\anura\source\repos\AI\AI\AI.cpp(2,10): fatal error C1083: Cannot open include file: 'Eigen': No such file or directory

Project Performance Summary:
     1211 ms  C:\Users\anura\source\repos\AI\AI\AI.vcxproj   1 calls
               1211 ms  Build                                      1 calls

Target Performance Summary:
        0 ms  BeforeBuildGenerateSources                 1 calls
        0 ms  ComputeMIDLGeneratedCompileInputs          1 calls
        0 ms  ComputeCustomBuildOutput                   1 calls
        0 ms  SelectCustomBuild                          1 calls
        0 ms  _SelectedFiles                             1 calls
        0 ms  PreBuildEvent                              1 calls
        0 ms  SelectClCompile                            1 calls
        0 ms  AfterMidl                                  1 calls
        0 ms  _Midl                                      1 calls
        0 ms  ResolveReferences                          1 calls
        0 ms  AfterResolveReferences                     1 calls
        0 ms  AfterBuildGenerateSources                  1 calls
        0 ms  ExpandSDKReferences                        1 calls
        0 ms  ResolveSDKReferences                       1 calls
        0 ms  AfterBuildGenerateSourcesEvent             1 calls
        0 ms  SetCABuildNativeEnvironmentVariables       1 calls
        0 ms  _BuildGenerateSourcesAction                1 calls
        0 ms  GetResolvedWinMD                           1 calls
        0 ms  ComputeReferenceCLInput                    1 calls
        0 ms  FindReferenceAssembliesForReferences       1 calls
        0 ms  _PrepareForReferenceResolution             1 calls
        0 ms  BeforeResolveReferences                    1 calls
        0 ms  ComputeCLInputPDBName                      1 calls
        0 ms  _SplitProjectReferencesByFileExistence     1 calls
        0 ms  CopyFileToFolders                          1 calls
        0 ms  _AddOutputPathToGlobalPropertiesToRemove   1 calls
        0 ms  PrepareProjectReferences                   1 calls
        0 ms  BuildCompileTraverse                       1 calls
        0 ms  GetFrameworkPaths                          1 calls
        0 ms  GetReferenceAssemblyPaths                  1 calls
        0 ms  AddExternalIncludDirectoriesToPaths        1 calls
        0 ms  BuildGenerateSources                       1 calls
        0 ms  BeforeClCompile                            1 calls
        0 ms  _Xsd                                       1 calls
        1 ms  BuildGenerateSourcesTraverse               1 calls
        1 ms  MakeDirsForMidl                            1 calls
        1 ms  ResolveAssemblyReferences                  1 calls
        1 ms  _PrepareForBuild                           1 calls
        1 ms  GetReferencedVCProjectsInfo                1 calls
        1 ms  SetBuildDefaultEnvironmentVariables        1 calls
        1 ms  _CheckWindowsSDKInstalled                  1 calls
        1 ms  FixupCLCompileOptions                      1 calls
        2 ms  _GetProjectReferenceTargetFrameworkProperties   1 calls
        6 ms  MakeDirsForCl                              1 calls
        7 ms  WarnCompileDuplicatedFilename              1 calls
        7 ms  AssignProjectConfiguration                 1 calls
        9 ms  SetTelemetryEnvironmentVariables           1 calls
        9 ms  CustomBuild                                1 calls
       11 ms  InitializeBuildStatus                      1 calls
       20 ms  PrepareForBuild                            1 calls
       25 ms  ResolveProjectReferences                   1 calls
       48 ms  _CheckForInvalidConfigurationAndPlatform   1 calls
     1054 ms  ClCompile                                  1 calls

Task Performance Summary:
        0 ms  MSBuild                                    1 calls
        0 ms  Delete                                     1 calls
        1 ms  WriteLinesToFile                           1 calls
        2 ms  CheckVCToolsetVersion                      1 calls
        3 ms  SetEnv                                     9 calls
        4 ms  ReadLinesFromFile                          1 calls
        5 ms  MakeDir                                    5 calls
        5 ms  Touch                                      1 calls
        6 ms  AssignProjectConfiguration                 1 calls
        8 ms  GetOutOfDateItems                          3 calls
       14 ms  Message                                    2 calls
     1053 ms  CL                                         1 calls
