  Compiling CUDA source file kernel.cu...
  
  C:\Users\anura\source\repos\AI_01>"C:\Program Files\NVIDIA GPU Computing Toolkit\CUDA\v12.0\bin\nvcc.exe" -gencode=arch=compute_52,code=\"sm_52,compute_52\" --use-local-env -ccbin "C:\Program Files (x86)\Microsoft Visual Studio\2019\Community\VC\Tools\MSVC\14.29.30133\bin\HostX86\x64" -x cu   -I"D:\Source\SFML\SFML-2.5.1\include" -I"D:\Source\Eigen\eigen-3.4.0" -I"C:\Program Files\NVIDIA GPU Computing Toolkit\CUDA\v12.0\include" -I"C:\Program Files\NVIDIA GPU Computing Toolkit\CUDA\v12.0\include"  -G   --keep-dir x64\Debug  -maxrregcount=0  --machine 64 --compile -cudart static  -g  -DWIN32 -DWIN64 -D_DEBUG -D_CONSOLE -D_MBCS -Xcompiler "/EHsc /W3 /nologo /Od /FS /Zi /RTC1 /MDd " -Xcompiler "/Fdx64\Debug\vc142.pdb" -o C:\Users\anura\source\repos\AI_01\x64\Debug\kernel.cu.obj "C:\Users\anura\source\repos\AI_01\kernel.cu" 
C:\Users\anura\source\repos\AI_01\kernel.cu(115): warning #177-D: variable "calc_cost" was declared but never referenced
  
  Remark: The warnings can be suppressed with "-diag-suppress <warning-number>"
  
  kernel.cu
  tmpxft_000067f8_00000000-7_kernel.cudafe1.cpp
C:\Users\anura\source\repos\AI_01\kernel.cu(392): warning C4715: 'Comp_Minimap': not all control paths return a value
  AI.cpp
C:\Users\anura\source\repos\AI_01\AI.cpp(523,20): warning C4018: '<': signed/unsigned mismatch
  Neuron.cpp
  Generating Code...
     Creating library C:\Users\anura\source\repos\AI_01\x64\Debug\AI_01.lib and object C:\Users\anura\source\repos\AI_01\x64\Debug\AI_01.exp
LINK : warning LNK4098: defaultlib 'LIBCMT' conflicts with use of other libs; use /NODEFAULTLIB:library
  AI_01.vcxproj -> C:\Users\anura\source\repos\AI_01\x64\Debug\AI_01.exe

Project Performance Summary:
    11772 ms  C:\Users\anura\source\repos\AI_01\AI_01.vcxproj   3 calls
               7894 ms  Build                                      1 calls
               3878 ms  CudaBuildCore                              2 calls

Target Performance Summary:
        0 ms  AfterClCompile                             1 calls
        0 ms  AfterLink                                  1 calls
        0 ms  ComputeLinkImportLibraryOutputsForClean    1 calls
        0 ms  ComputeLinkSwitches                        1 calls
        0 ms  PreLinkEvent                               1 calls
        0 ms  DoLinkOutputFilesMatch                     1 calls
        0 ms  PrepareResourceNames                       1 calls
        0 ms  CreateCustomManifestResourceNames          1 calls
        0 ms  SplitResourcesByCulture                    1 calls
        0 ms  AssignTargetPaths                          1 calls
        0 ms  ComputeManifestInputsTargets               1 calls
        0 ms  ComputeLinkInputsFromProject               1 calls
        0 ms  ComputeCLGeneratedLinkInputs               1 calls
        0 ms  ComputeManifestGeneratedLinkerInputs       1 calls
        0 ms  ComputeRCGeneratedLinkInputs               1 calls
        0 ms  ComputeRCOutputs                           1 calls
        0 ms  BeforeLink                                 1 calls
        0 ms  ComputeLegacyManifestEmbedding             1 calls
        0 ms  BuildLinkTraverse                          1 calls
        0 ms  BuildCompile                               1 calls
        0 ms  _BuildCompileAction                        1 calls
        0 ms  AfterBuildCompileEvent                     1 calls
        0 ms  _ResourceCompile                           1 calls
        0 ms  AfterResourceCompile                       1 calls
        0 ms  MakeDirsForResourceCompile                 1 calls
        0 ms  BeforeResourceCompile                      1 calls
        0 ms  _ClCompile                                 1 calls
        0 ms  FinalizeBuildStatus                        1 calls
        0 ms  _Link                                      1 calls
        0 ms  SelectClCompile                            1 calls
        0 ms  _ALink                                     1 calls
        0 ms  RegisterOutput                             1 calls
        0 ms  IncrementalClean                           1 calls
        0 ms  AfterBuild                                 1 calls
        0 ms  BuildLink                                  1 calls
        0 ms  _BuildLinkAction                           1 calls
        0 ms  PostBuildEvent                             1 calls
        0 ms  PrepareForRun                              1 calls
        0 ms  CopyFilesToOutputDirectory                 1 calls
        0 ms  _CheckForCompileOutputs                    1 calls
        0 ms  _CopySourceItemsToOutputDirectory          1 calls
        0 ms  _GetCopyToOutputDirectoryItemsFromThisProject   1 calls
        0 ms  _GetCopyToOutputDirectoryItemsFromTransitiveProjectReferences   1 calls
        0 ms  GetCopyToOutputDirectoryXamlAppDefs        1 calls
        0 ms  _PopulateCommonStateForGetCopyToOutputDirectoryItems   1 calls
        0 ms  _Deploy                                    1 calls
        0 ms  _Appverifier                               1 calls
        0 ms  CreateSatelliteAssemblies                  1 calls
        0 ms  _GenerateSatelliteAssemblyInputs           1 calls
        0 ms  MakeDirsForFxc                             1 calls
        0 ms  SatelliteDllsProjectOutputGroup            1 calls
        0 ms  BuiltProjectOutputGroup                    1 calls
        0 ms  _BscMake                                   1 calls
        0 ms  MakeDirsForBscMake                         1 calls
        0 ms  ComputeCLCompileGeneratedSbrFiles          1 calls
        0 ms  _XdcMake                                   1 calls
        0 ms  MakeDirsForXdcMake                         1 calls
        0 ms  ComputeCLCompileGeneratedXDCFiles          1 calls
        0 ms  ResolvedXDCMake                            1 calls
        0 ms  _Manifest                                  1 calls
        0 ms  FixupCLCompileOptions                      1 calls
        0 ms  Build                                      1 calls
        0 ms  ComputeReferenceCLInput                    1 calls
        0 ms  InitializeCudaHostProperties               1 calls
        0 ms  WarnCompileDuplicatedFilename              1 calls
        0 ms  SelectCustomBuild                          1 calls
        0 ms  _SelectedFiles                             1 calls
        0 ms  PreBuildEvent                              1 calls
        0 ms  BeforeBuildGenerateSources                 1 calls
        0 ms  BuildGenerateSourcesTraverse               1 calls
        0 ms  ResolveReferences                          1 calls
        0 ms  AfterResolveReferences                     1 calls
        0 ms  ExpandSDKReferences                        1 calls
        0 ms  ResolveSDKReferences                       1 calls
        0 ms  SetCABuildNativeEnvironmentVariables       1 calls
        0 ms  _CheckWindowsSDKInstalled                  1 calls
        0 ms  GetResolvedWinMD                           1 calls
        0 ms  SetBuildDefaultEnvironmentVariables        3 calls
        0 ms  AddExternalIncludDirectoriesToPaths        3 calls
        0 ms  GetReferenceAssemblyPaths                  1 calls
        0 ms  GetFrameworkPaths                          1 calls
        0 ms  PrepareProjectReferences                   1 calls
        0 ms  _GetProjectReferenceTargetFrameworkProperties   1 calls
        0 ms  _AddOutputPathToGlobalPropertiesToRemove   1 calls
        0 ms  _SplitProjectReferencesByFileExistence     1 calls
        0 ms  AssignProjectConfiguration                 1 calls
        0 ms  BeforeResolveReferences                    1 calls
        0 ms  _PrepareForReferenceResolution             1 calls
        0 ms  InitializeCudaProjectProperties            1 calls
        0 ms  AddCudaLinkMetadata                        2 calls
        0 ms  ComputeCustomBuildOutput                   1 calls
        0 ms  _Xsd                                       1 calls
        0 ms  BuildCompileTraverse                       1 calls
        0 ms  FindReferenceAssembliesForReferences       1 calls
        0 ms  BuildGenerateSources                       1 calls
        0 ms  _BuildGenerateSourcesAction                1 calls
        0 ms  AfterBuildGenerateSourcesEvent             1 calls
        0 ms  AfterBuildGenerateSources                  1 calls
        0 ms  _Midl                                      1 calls
        0 ms  AfterMidl                                  1 calls
        0 ms  ComputeMIDLGeneratedCompileInputs          1 calls
        0 ms  GetReferencedVCProjectsInfo                1 calls
        0 ms  MakeDirsForMidl                            1 calls
        0 ms  BeforeClCompile                            1 calls
        0 ms  CopyFileToFolders                          1 calls
        0 ms  ComputeCLInputPDBName                      1 calls
        0 ms  AddCudaCompilePropsDeps                    2 calls
        0 ms  PrepareForCudaBuild                        3 calls
        0 ms  ComputeCudaCompileOutput                   2 calls
        0 ms  ValidateCudaBuild                          1 calls
        0 ms  _PrepareForBuild                           1 calls
        0 ms  ResolveAssemblyReferences                  1 calls
        7 ms  _CleanGetCurrentAndPriorFileWrites         1 calls
        7 ms  CustomBuild                                1 calls
        7 ms  MakeDirsForCl                              1 calls
        7 ms  ComputeCLOutputs                           1 calls
        7 ms  WriteCudaCompileTlogs                      1 calls
        7 ms  ContentFilesProjectOutputGroup             1 calls
        7 ms  InitializeBuildStatus                      1 calls
        7 ms  ValidateCudaCodeGeneration                 2 calls
        7 ms  MakeDirsForLink                            1 calls
        7 ms  GetCopyToOutputDirectoryItems              1 calls
       14 ms  SetTelemetryEnvironmentVariables           1 calls
       14 ms  PrepareForBuild                            1 calls
       21 ms  _CheckForInvalidConfigurationAndPlatform   1 calls
       21 ms  CreateRecipeFile                           1 calls
       28 ms  ResolveProjectReferences                   1 calls
       35 ms  AddCudaCompileMetadata                     2 calls
      493 ms  Link                                       1 calls
      659 ms  AddCudaCompileDeps                         2 calls
     2477 ms  ClCompile                                  1 calls
     3878 ms  CudaBuildCore                              2 calls
     4058 ms  CudaBuild                                  1 calls

Task Performance Summary:
        0 ms  Message                                    4 calls
        0 ms  ConvertToAbsolutePath                      1 calls
        0 ms  CallTarget                                 2 calls
        0 ms  CreateItem                                 2 calls
        0 ms  AssignCulture                              1 calls
        0 ms  AssignTargetPath                           7 calls
        0 ms  Delete                                     3 calls
        0 ms  CudaSetEnvironmentVariable                 3 calls
        0 ms  ResolvePaths                               2 calls
        0 ms  SanitizePaths                              5 calls
        0 ms  RemoveDuplicates                           2 calls
        0 ms  CheckVCToolsetVersion                      1 calls
        0 ms  WriteLinesToFile                           5 calls
        0 ms  ReadLinesFromFile                          4 calls
        0 ms  AssignProjectConfiguration                 1 calls
        0 ms  CountItems                                 2 calls
        6 ms  SetEnv                                    19 calls
        7 ms  FindUnderPath                              5 calls
        7 ms  GetOutOfDateItems                          3 calls
        7 ms  Touch                                      2 calls
       14 ms  MakeDir                                   11 calls
       14 ms  SplitToItemMetadata                        3 calls
       21 ms  GenerateDesktopDeployRecipe                1 calls
      493 ms  Link                                       1 calls
      645 ms  GenerateDeps                               1 calls
     2477 ms  CL                                         1 calls
     3517 ms  CudaCompile                                1 calls
     4051 ms  MSBuild                                    2 calls
