c:\users\anura\source\repos\ai_01\x64\debug\ai_01.lib
c:\users\anura\source\repos\ai_01\x64\debug\ai_01.exp
c:\users\anura\source\repos\ai_01\x64\debug\vc142.pdb
c:\users\anura\source\repos\ai_01\x64\debug\vc142.idb
c:\users\anura\source\repos\ai_01\x64\debug\neuron.obj
c:\users\anura\source\repos\ai_01\x64\debug\ai.obj
c:\users\anura\source\repos\ai_01\x64\debug\kernel.cu.obj
c:\users\anura\source\repos\ai_01\x64\debug\ai_01.exe
c:\users\anura\source\repos\ai_01\x64\debug\ai_01.ilk
c:\users\anura\source\repos\ai_01\x64\debug\ai_01.pdb
c:\users\anura\source\repos\ai_01\x64\debug\check.cu.cache
c:\users\anura\source\repos\ai_01\x64\debug\kernel.cpp.cache
c:\users\anura\source\repos\ai_01\x64\debug\kernel.cu.cache
c:\users\anura\source\repos\ai_01\x64\debug\check.cu.obj
c:\users\anura\source\repos\ai_01\x64\debug\kernel.cpp.obj
c:\users\anura\source\repos\ai_01\x64\debug\neuron.obj.enc
c:\users\anura\source\repos\ai_01\x64\debug\sfml_implementation.pdb
c:\users\anura\source\repos\ai_01\x64\debug\ai_01.tlog\ai_01.write.1u.tlog
c:\users\anura\source\repos\ai_01\x64\debug\ai_01.tlog\cl.command.1.tlog
c:\users\anura\source\repos\ai_01\x64\debug\ai_01.tlog\cl.read.1.tlog
c:\users\anura\source\repos\ai_01\x64\debug\ai_01.tlog\cl.write.1.tlog
c:\users\anura\source\repos\ai_01\x64\debug\ai_01.tlog\cudacompile.read.1u.tlog
c:\users\anura\source\repos\ai_01\x64\debug\ai_01.tlog\cudacompile.write.1u.tlog
c:\users\anura\source\repos\ai_01\x64\debug\ai_01.tlog\link.command.1.tlog
c:\users\anura\source\repos\ai_01\x64\debug\ai_01.tlog\link.read.1.tlog
c:\users\anura\source\repos\ai_01\x64\debug\ai_01.tlog\link.write.1.tlog
